CRITICAL - 2024-05-08 03:03:12 --> The framework needs the following extension(s) installed and loaded: intl.
#0 C:\xampp8.0\htdocs\cafein\system\CodeIgniter.php(219): CodeIgniter\Exceptions\FrameworkException::forMissingExtension('intl')
#1 C:\xampp8.0\htdocs\cafein\system\CodeIgniter.php(177): CodeIgniter\CodeIgniter->resolvePlatformExtensions()
#2 C:\xampp8.0\htdocs\cafein\system\bootstrap.php(146): CodeIgniter\CodeIgniter->initialize()
#3 C:\xampp8.0\htdocs\cafein\index.php(28): require('C:\\xampp8.0\\htd...')
#4 {main}
CRITICAL - 2024-05-08 03:04:20 --> The framework needs the following extension(s) installed and loaded: intl.
#0 C:\xampp8.0\htdocs\cafein\system\CodeIgniter.php(219): CodeIgniter\Exceptions\FrameworkException::forMissingExtension('intl')
#1 C:\xampp8.0\htdocs\cafein\system\CodeIgniter.php(177): CodeIgniter\CodeIgniter->resolvePlatformExtensions()
#2 C:\xampp8.0\htdocs\cafein\system\bootstrap.php(146): CodeIgniter\CodeIgniter->initialize()
#3 C:\xampp8.0\htdocs\cafein\index.php(28): require('C:\\xampp8.0\\htd...')
#4 {main}
CRITICAL - 2024-05-08 03:08:49 --> The framework needs the following extension(s) installed and loaded: intl.
#0 C:\xampp8.0\htdocs\cafein\system\CodeIgniter.php(219): CodeIgniter\Exceptions\FrameworkException::forMissingExtension('intl')
#1 C:\xampp8.0\htdocs\cafein\system\CodeIgniter.php(177): CodeIgniter\CodeIgniter->resolvePlatformExtensions()
#2 C:\xampp8.0\htdocs\cafein\system\bootstrap.php(146): CodeIgniter\CodeIgniter->initialize()
#3 C:\xampp8.0\htdocs\cafein\index.php(28): require('C:\\xampp8.0\\htd...')
#4 {main}
CRITICAL - 2024-05-08 03:14:17 --> The framework needs the following extension(s) installed and loaded: intl.
#0 C:\xampp8.0\htdocs\cafein\system\CodeIgniter.php(219): CodeIgniter\Exceptions\FrameworkException::forMissingExtension('intl')
#1 C:\xampp8.0\htdocs\cafein\system\CodeIgniter.php(177): CodeIgniter\CodeIgniter->resolvePlatformExtensions()
#2 C:\xampp8.0\htdocs\cafein\system\bootstrap.php(146): CodeIgniter\CodeIgniter->initialize()
#3 C:\xampp8.0\htdocs\cafein\index.php(28): require('C:\\xampp8.0\\htd...')
#4 {main}
CRITICAL - 2024-05-08 03:24:36 --> The framework needs the following extension(s) installed and loaded: intl.
#0 C:\xampp8.0\htdocs\cafein\system\CodeIgniter.php(219): CodeIgniter\Exceptions\FrameworkException::forMissingExtension('intl')
#1 C:\xampp8.0\htdocs\cafein\system\CodeIgniter.php(177): CodeIgniter\CodeIgniter->resolvePlatformExtensions()
#2 C:\xampp8.0\htdocs\cafein\system\bootstrap.php(146): CodeIgniter\CodeIgniter->initialize()
#3 C:\xampp8.0\htdocs\cafein\index.php(28): require('C:\\xampp8.0\\htd...')
#4 {main}
CRITICAL - 2024-05-08 03:31:19 --> The framework needs the following extension(s) installed and loaded: intl.
#0 C:\xampp8.0\htdocs\cafein\system\CodeIgniter.php(219): CodeIgniter\Exceptions\FrameworkException::forMissingExtension('intl')
#1 C:\xampp8.0\htdocs\cafein\system\CodeIgniter.php(177): CodeIgniter\CodeIgniter->resolvePlatformExtensions()
#2 C:\xampp8.0\htdocs\cafein\system\bootstrap.php(146): CodeIgniter\CodeIgniter->initialize()
#3 C:\xampp8.0\htdocs\cafein\index.php(28): require('C:\\xampp8.0\\htd...')
#4 {main}
CRITICAL - 2024-05-08 03:31:20 --> The framework needs the following extension(s) installed and loaded: intl.
#0 C:\xampp8.0\htdocs\cafein\system\CodeIgniter.php(219): CodeIgniter\Exceptions\FrameworkException::forMissingExtension('intl')
#1 C:\xampp8.0\htdocs\cafein\system\CodeIgniter.php(177): CodeIgniter\CodeIgniter->resolvePlatformExtensions()
#2 C:\xampp8.0\htdocs\cafein\system\bootstrap.php(146): CodeIgniter\CodeIgniter->initialize()
#3 C:\xampp8.0\htdocs\cafein\index.php(28): require('C:\\xampp8.0\\htd...')
#4 {main}
CRITICAL - 2024-05-08 03:35:57 --> The framework needs the following extension(s) installed and loaded: intl.
#0 C:\xampp8.0\htdocs\cafein\system\CodeIgniter.php(219): CodeIgniter\Exceptions\FrameworkException::forMissingExtension('intl')
#1 C:\xampp8.0\htdocs\cafein\system\CodeIgniter.php(177): CodeIgniter\CodeIgniter->resolvePlatformExtensions()
#2 C:\xampp8.0\htdocs\cafein\system\bootstrap.php(146): CodeIgniter\CodeIgniter->initialize()
#3 C:\xampp8.0\htdocs\cafein\index.php(28): require('C:\\xampp8.0\\htd...')
#4 {main}
CRITICAL - 2024-05-08 04:32:59 --> The framework needs the following extension(s) installed and loaded: intl.
#0 C:\xampp8.0\htdocs\cafein\system\CodeIgniter.php(219): CodeIgniter\Exceptions\FrameworkException::forMissingExtension('intl')
#1 C:\xampp8.0\htdocs\cafein\system\CodeIgniter.php(177): CodeIgniter\CodeIgniter->resolvePlatformExtensions()
#2 C:\xampp8.0\htdocs\cafein\system\bootstrap.php(146): CodeIgniter\CodeIgniter->initialize()
#3 C:\xampp8.0\htdocs\cafein\index.php(28): require('C:\\xampp8.0\\htd...')
#4 {main}
