CRITICAL - 2024-05-11 00:56:43 --> file_get_contents(C:\xampp8.0\htdocs\cafein\writable\debugbar/debugbar_1715406510.json): Failed to open stream: No such file or directory
#0 [internal function]: CodeIgniter\Debug\Exceptions->errorHandler(2, 'file_get_conten...', 'C:\\xampp8.0\\htd...', 80)
#1 C:\xampp8.0\htdocs\cafein\system\Debug\Toolbar\Collectors\History.php(80): file_get_contents('C:\\xampp8.0\\htd...')
#2 C:\xampp8.0\htdocs\cafein\system\Debug\Toolbar.php(483): CodeIgniter\Debug\Toolbar\Collectors\History->setFiles(1715406992, 20)
#3 C:\xampp8.0\htdocs\cafein\system\Debug\Toolbar.php(460): CodeIgniter\Debug\Toolbar->format(Array, 'html')
#4 C:\xampp8.0\htdocs\cafein\app\Config\Events.php(48): CodeIgniter\Debug\Toolbar->respond()
#5 C:\xampp8.0\htdocs\cafein\system\Events\Events.php(149): CodeIgniter\Events\Events::Config\{closure}()
#6 C:\xampp8.0\htdocs\cafein\system\CodeIgniter.php(300): CodeIgniter\Events\Events::trigger('pre_system')
#7 C:\xampp8.0\htdocs\cafein\index.php(37): CodeIgniter\CodeIgniter->run()
#8 {main}
CRITICAL - 2024-05-11 01:17:08 --> file_get_contents(C:\xampp8.0\htdocs\cafein\writable\debugbar/debugbar_1715407007.json): Failed to open stream: Permission denied
#0 [internal function]: CodeIgniter\Debug\Exceptions->errorHandler(2, 'file_get_conten...', 'C:\\xampp8.0\\htd...', 80)
#1 C:\xampp8.0\htdocs\cafein\system\Debug\Toolbar\Collectors\History.php(80): file_get_contents('C:\\xampp8.0\\htd...')
#2 C:\xampp8.0\htdocs\cafein\system\Debug\Toolbar.php(483): CodeIgniter\Debug\Toolbar\Collectors\History->setFiles(1715408216, 20)
#3 C:\xampp8.0\htdocs\cafein\system\Debug\Toolbar.php(460): CodeIgniter\Debug\Toolbar->format(Array, 'html')
#4 C:\xampp8.0\htdocs\cafein\app\Config\Events.php(48): CodeIgniter\Debug\Toolbar->respond()
#5 C:\xampp8.0\htdocs\cafein\system\Events\Events.php(149): CodeIgniter\Events\Events::Config\{closure}()
#6 C:\xampp8.0\htdocs\cafein\system\CodeIgniter.php(300): CodeIgniter\Events\Events::trigger('pre_system')
#7 C:\xampp8.0\htdocs\cafein\index.php(37): CodeIgniter\CodeIgniter->run()
#8 {main}
CRITICAL - 2024-05-11 14:21:28 --> Maximum execution time of 120 seconds exceeded
#0 [internal function]: CodeIgniter\Debug\Exceptions->shutdownHandler()
#1 {main}
CRITICAL - 2024-05-11 02:21:28 --> Maximum execution time of 120 seconds exceeded
#0 [internal function]: CodeIgniter\Debug\Exceptions->shutdownHandler()
#1 {main}
CRITICAL - 2024-05-11 02:21:28 --> Maximum execution time of 120 seconds exceeded
#0 [internal function]: CodeIgniter\Debug\Exceptions->shutdownHandler()
#1 {main}
CRITICAL - 2024-05-11 02:21:28 --> Maximum execution time of 120 seconds exceeded
#0 [internal function]: CodeIgniter\Debug\Exceptions->shutdownHandler()
#1 {main}
CRITICAL - 2024-05-11 02:21:29 --> Maximum execution time of 120 seconds exceeded
#0 [internal function]: CodeIgniter\Debug\Exceptions->shutdownHandler()
#1 {main}
CRITICAL - 2024-05-11 02:21:29 --> Maximum execution time of 120 seconds exceeded
#0 [internal function]: CodeIgniter\Debug\Exceptions->shutdownHandler()
#1 {main}
ERROR - 2024-05-11 14:21:34 --> Error connecting to the database: No connection could be made because the target machine actively refused it
CRITICAL - 2024-05-11 14:21:34 --> Unable to connect to the database.
Main connection [MySQLi]: No connection could be made because the target machine actively refused it
#0 C:\xampp8.0\htdocs\caffe\system\Database\BaseConnection.php(577): CodeIgniter\Database\BaseConnection->initialize()
#1 C:\xampp8.0\htdocs\caffe\system\Database\BaseBuilder.php(1443): CodeIgniter\Database\BaseConnection->query('SELECT *\nFROM `...', Array, false)
#2 C:\xampp8.0\htdocs\caffe\system\Model.php(183): CodeIgniter\Database\BaseBuilder->get()
#3 C:\xampp8.0\htdocs\caffe\system\BaseModel.php(584): CodeIgniter\Model->doFindAll(0, 0)
#4 C:\xampp8.0\htdocs\caffe\app\Controllers\Antrian.php(34): CodeIgniter\BaseModel->findAll()
#5 C:\xampp8.0\htdocs\caffe\system\CodeIgniter.php(824): App\Controllers\Antrian->dataAntrianSelesai()
#6 C:\xampp8.0\htdocs\caffe\system\CodeIgniter.php(410): CodeIgniter\CodeIgniter->runController(Object(App\Controllers\Antrian))
#7 C:\xampp8.0\htdocs\caffe\system\CodeIgniter.php(318): CodeIgniter\CodeIgniter->handleRequest(NULL, Object(Config\Cache), false)
#8 C:\xampp8.0\htdocs\caffe\index.php(37): CodeIgniter\CodeIgniter->run()
#9 {main}
ERROR - 2024-05-11 02:21:34 --> Error connecting to the database: No connection could be made because the target machine actively refused it
CRITICAL - 2024-05-11 02:21:34 --> Unable to connect to the database.
Main connection [MySQLi]: No connection could be made because the target machine actively refused it
#0 C:\xampp8.0\htdocs\caffe\system\Database\BaseConnection.php(577): CodeIgniter\Database\BaseConnection->initialize()
#1 C:\xampp8.0\htdocs\caffe\system\Database\BaseBuilder.php(1443): CodeIgniter\Database\BaseConnection->query('SELECT *\nFROM `...', Array, false)
#2 C:\xampp8.0\htdocs\caffe\system\Model.php(183): CodeIgniter\Database\BaseBuilder->get()
#3 C:\xampp8.0\htdocs\caffe\system\BaseModel.php(584): CodeIgniter\Model->doFindAll(0, 0)
#4 C:\xampp8.0\htdocs\caffe\app\Controllers\Antrian.php(27): CodeIgniter\BaseModel->findAll()
#5 C:\xampp8.0\htdocs\caffe\system\CodeIgniter.php(824): App\Controllers\Antrian->dataAntrian()
#6 C:\xampp8.0\htdocs\caffe\system\CodeIgniter.php(410): CodeIgniter\CodeIgniter->runController(Object(App\Controllers\Antrian))
#7 C:\xampp8.0\htdocs\caffe\system\CodeIgniter.php(318): CodeIgniter\CodeIgniter->handleRequest(NULL, Object(Config\Cache), false)
#8 C:\xampp8.0\htdocs\caffe\index.php(37): CodeIgniter\CodeIgniter->run()
#9 {main}
